
warning: commands will be executed using /bin/sh
job 1255 at Tue Jul  1 16:38:00 2025

net.ipv6.conf.all.forwarding = 1
net.ipv6.conf.all.seg6_enabled = 1
net.ipv6.conf.5-0.seg6_enabled = 1
net.ipv6.conf.5-1.seg6_enabled = 1
net.ipv6.conf.5-2.seg6_enabled = 1
net.ipv6.conf.5-3.seg6_enabled = 1
net.ipv6.conf.5-4.seg6_enabled = 1
net.ipv6.conf.5-5.seg6_enabled = 1
net.ipv6.conf.5-6.seg6_enabled = 1
net.ipv6.fib_multipath_hash_policy = 1
net.ipv6.conf.all.forwarding = 1
net.ipv6.conf.all.seg6_enabled = 1
net.ipv6.conf.10-0.seg6_enabled = 1
net.ipv6.conf.10-1.seg6_enabled = 1
net.ipv6.conf.10-2.seg6_enabled = 1
net.ipv6.conf.10-3.seg6_enabled = 1
net.ipv6.conf.10-4.seg6_enabled = 1
net.ipv6.conf.10-5.seg6_enabled = 1
net.ipv6.conf.10-6.seg6_enabled = 1
net.ipv6.conf.10-7.seg6_enabled = 1
net.ipv6.fib_multipath_hash_policy = 1
net.ipv6.conf.all.forwarding = 1
net.ipv6.conf.all.seg6_enabled = 1
net.ipv6.conf.1-0.seg6_enabled = 1
net.ipv6.conf.1-1.seg6_enabled = 1
net.ipv6.conf.1-2.seg6_enabled = 1
net.ipv6.conf.1-3.seg6_enabled = 1
net.ipv6.conf.1-4.seg6_enabled = 1
net.ipv6.conf.1-5.seg6_enabled = 1
net.ipv6.conf.1-6.seg6_enabled = 1
net.ipv6.conf.1-7.seg6_enabled = 1
net.ipv6.fib_multipath_hash_policy = 1
net.ipv6.conf.all.forwarding = 1
net.ipv6.conf.all.seg6_enabled = 1
net.ipv6.conf.2-0.seg6_enabled = 1
net.ipv6.conf.2-1.seg6_enabled = 1
net.ipv6.conf.2-2.seg6_enabled = 1
net.ipv6.conf.2-3.seg6_enabled = 1
net.ipv6.conf.2-4.seg6_enabled = 1
net.ipv6.conf.2-5.seg6_enabled = 1
net.ipv6.conf.2-6.seg6_enabled = 1
net.ipv6.conf.2-7.seg6_enabled = 1
net.ipv6.fib_multipath_hash_policy = 1
net.ipv6.conf.all.forwarding = 1
net.ipv6.conf.all.seg6_enabled = 1
net.ipv6.conf.4-0.seg6_enabled = 1
net.ipv6.conf.4-1.seg6_enabled = 1
net.ipv6.conf.4-2.seg6_enabled = 1
net.ipv6.conf.4-3.seg6_enabled = 1
net.ipv6.conf.4-4.seg6_enabled = 1
net.ipv6.conf.4-5.seg6_enabled = 1
net.ipv6.conf.4-6.seg6_enabled = 1
net.ipv6.fib_multipath_hash_policy = 1
net.ipv6.conf.all.forwarding = 1
net.ipv6.conf.all.seg6_enabled = 1
net.ipv6.conf.9-0.seg6_enabled = 1
net.ipv6.conf.9-1.seg6_enabled = 1
net.ipv6.conf.9-2.seg6_enabled = 1
net.ipv6.conf.9-3.seg6_enabled = 1
net.ipv6.conf.9-4.seg6_enabled = 1
net.ipv6.conf.9-5.seg6_enabled = 1
net.ipv6.conf.9-6.seg6_enabled = 1
net.ipv6.conf.9-7.seg6_enabled = 1
net.ipv6.fib_multipath_hash_policy = 1
net.ipv6.conf.all.forwarding = 1
net.ipv6.conf.all.seg6_enabled = 1
net.ipv6.conf.6-0.seg6_enabled = 1
net.ipv6.conf.6-1.seg6_enabled = 1
net.ipv6.conf.6-2.seg6_enabled = 1
net.ipv6.conf.6-3.seg6_enabled = 1
net.ipv6.conf.6-4.seg6_enabled = 1
net.ipv6.conf.6-5.seg6_enabled = 1
net.ipv6.conf.6-6.seg6_enabled = 1
net.ipv6.fib_multipath_hash_policy = 1
net.ipv6.conf.all.forwarding = 1
net.ipv6.conf.all.seg6_enabled = 1
net.ipv6.conf.7-0.seg6_enabled = 1
net.ipv6.conf.7-1.seg6_enabled = 1
net.ipv6.conf.7-2.seg6_enabled = 1
net.ipv6.conf.7-3.seg6_enabled = 1
net.ipv6.conf.7-4.seg6_enabled = 1
net.ipv6.conf.7-5.seg6_enabled = 1
net.ipv6.conf.7-6.seg6_enabled = 1
net.ipv6.conf.7-7.seg6_enabled = 1
net.ipv6.conf.7-8.seg6_enabled = 1
net.ipv6.fib_multipath_hash_policy = 1
net.ipv6.conf.all.forwarding = 1
net.ipv6.conf.all.seg6_enabled = 1
net.ipv6.conf.3-0.seg6_enabled = 1
net.ipv6.conf.3-1.seg6_enabled = 1
net.ipv6.conf.3-2.seg6_enabled = 1
net.ipv6.conf.3-3.seg6_enabled = 1
net.ipv6.conf.3-4.seg6_enabled = 1
net.ipv6.conf.3-5.seg6_enabled = 1
net.ipv6.conf.3-6.seg6_enabled = 1
net.ipv6.conf.3-7.seg6_enabled = 1
net.ipv6.fib_multipath_hash_policy = 1
net.ipv6.conf.all.forwarding = 1
net.ipv6.conf.all.seg6_enabled = 1
net.ipv6.conf.8-0.seg6_enabled = 1
net.ipv6.conf.8-1.seg6_enabled = 1
net.ipv6.conf.8-2.seg6_enabled = 1
net.ipv6.conf.8-3.seg6_enabled = 1
net.ipv6.conf.8-4.seg6_enabled = 1
net.ipv6.conf.8-5.seg6_enabled = 1
net.ipv6.conf.8-6.seg6_enabled = 1
net.ipv6.fib_multipath_hash_policy = 1
net.ipv6.conf.all.forwarding = 1
net.ipv6.conf.all.seg6_enabled = 1
net.ipv6.conf.0-0.seg6_enabled = 1
net.ipv6.conf.0-1.seg6_enabled = 1
net.ipv6.conf.0-2.seg6_enabled = 1
net.ipv6.conf.0-3.seg6_enabled = 1
net.ipv6.conf.0-4.seg6_enabled = 1
net.ipv6.conf.0-5.seg6_enabled = 1
net.ipv6.conf.0-6.seg6_enabled = 1
net.ipv6.fib_multipath_hash_policy = 1

Kill all nuttcp commands
b''
b''
b''
b'\nUsage:\n kill [options] <pid> [...]\n\nOptions:\n <pid> [...]            send signal to every <pid> listed\n -<signal>, -s, --signal <signal>\n                        specify the <signal> to be sent\n -q, --queue <value>    integer value to be sent with the signal\n -l, --list=[<signal>]  list all signal names, or convert one to a name\n -L, --table            list all signal names in a nice table\n\n -h, --help     display this help and exit\n -V, --version  output version information and exit\n\nFor more details see kill(1).\n\nUsage:\n kill [options] <pid> [...]\n\nOptions:\n <pid> [...]            send signal to every <pid> listed\n -<signal>, -s, --signal <signal>\n                        specify the <signal> to be sent\n -q, --queue <value>    integer value to be sent with the signal\n -l, --list=[<signal>]  list all signal names, or convert one to a name\n -L, --table            list all signal names in a nice table\n\n -h, --help     display this help and exit\n -V, --version  output version information and exit\n\nFor more details see kill(1).\n\nUsage:\n kill [options] <pid> [...]\n\nOptions:\n <pid> [...]            send signal to every <pid> listed\n -<signal>, -s, --signal <signal>\n                        specify the <signal> to be sent\n -q, --queue <value>    integer value to be sent with the signal\n -l, --list=[<signal>]  list all signal names, or convert one to a name\n -L, --table            list all signal names in a nice table\n\n -h, --help     display this help and exit\n -V, --version  output version information and exit\n\nFor more details see kill(1).\n\nUsage:\n kill [options] <pid> [...]\n\nOptions:\n <pid> [...]            send signal to every <pid> listed\n -<signal>, -s, --signal <signal>\n                        specify the <signal> to be sent\n -q, --queue <value>    integer value to be sent with the signal\n -l, --list=[<signal>]  list all signal names, or convert one to a name\n -L, --table            list all signal names in a nice table\n\n -h, --help     display this help and exit\n -V, --version  output version information and exit\n\nFor more details see kill(1).\n\nUsage:\n kill [options] <pid> [...]\n\nOptions:\n <pid> [...]            send signal to every <pid> listed\n -<signal>, -s, --signal <signal>\n                        specify the <signal> to be sent\n -q, --queue <value>    integer value to be sent with the signal\n -l, --list=[<signal>]  list all signal names, or convert one to a name\n -L, --table            list all signal names in a nice table\n\n -h, --help     display this help and exit\n -V, --version  output version information and exit\n\nFor more details see kill(1).\n\nUsage:\n kill [options] <pid> [...]\n\nOptions:\n <pid> [...]            send signal to every <pid> listed\n -<signal>, -s, --signal <signal>\n                        specify the <signal> to be sent\n -q, --queue <value>    integer value to be sent with the signal\n -l, --list=[<signal>]  list all signal names, or convert one to a name\n -L, --table            list all signal names in a nice table\n\n -h, --help     display this help and exit\n -V, --version  output version information and exit\n\nFor more details see kill(1).\n\nUsage:\n kill [options] <pid> [...]\n\nOptions:\n <pid> [...]            send signal to every <pid> listed\n -<signal>, -s, --signal <signal>\n                        specify the <signal> to be sent\n -q, --queue <value>    integer value to be sent with the signal\n -l, --list=[<signal>]  list all signal names, or convert one to a name\n -L, --table            list all signal names in a nice table\n\n -h, --help     display this help and exit\n -V, --version  output version information and exit\n\nFor more details see kill(1).\n\nUsage:\n kill [options] <pid> [...]\n\nOptions:\n <pid> [...]            send signal to every <pid> listed\n -<signal>, -s, --signal <signal>\n                        specify the <signal> to be sent\n -q, --queue <value>    integer value to be sent with the signal\n -l, --list=[<signal>]  list all signal names, or convert one to a name\n -L, --table            list all signal names in a nice table\n\n -h, --help     display this help and exit\n -V, --version  output version information and exit\n\nFor more details see kill(1).\n\nUsage:\n kill [options] <pid> [...]\n\nOptions:\n <pid> [...]            send signal to every <pid> listed\n -<signal>, -s, --signal <signal>\n                        specify the <signal> to be sent\n -q, --queue <value>    integer value to be sent with the signal\n -l, --list=[<signal>]  list all signal names, or convert one to a name\n -L, --table            list all signal names in a nice table\n\n -h, --help     display this help and exit\n -V, --version  output version information and exit\n\nFor more details see kill(1).\n\nUsage:\n kill [options] <pid> [...]\n\nOptions:\n <pid> [...]            send signal to every <pid> listed\n -<signal>, -s, --signal <signal>\n                        specify the <signal> to be sent\n -q, --queue <value>    integer value to be sent with the signal\n -l, --list=[<signal>]  list all signal names, or convert one to a name\n -L, --table            list all signal names in a nice table\n\n -h, --help     display this help and exit\n -V, --version  output version information and exit\n\nFor more details see kill(1).\n\nUsage:\n kill [options] <pid> [...]\n\nOptions:\n <pid> [...]            send signal to every <pid> listed\n -<signal>, -s, --signal <signal>\n                        specify the <signal> to be sent\n -q, --queue <value>    integer value to be sent with the signal\n -l, --list=[<signal>]  list all signal names, or convert one to a name\n -L, --table            list all signal names in a nice table\n\n -h, --help     display this help and exit\n -V, --version  output version information and exit\n\nFor more details see kill(1).\n'
