
warning: commands will be executed using /bin/sh
job 1711 at Wed Jul  2 10:27:00 2025

net.ipv6.conf.all.forwarding = 1
net.ipv6.conf.all.seg6_enabled = 1
net.ipv6.conf.3-0.seg6_enabled = 1
net.ipv6.conf.3-1.seg6_enabled = 1
net.ipv6.fib_multipath_hash_policy = 1
net.ipv6.conf.all.forwarding = 1
net.ipv6.conf.all.seg6_enabled = 1
net.ipv6.conf.4-0.seg6_enabled = 1
net.ipv6.conf.4-1.seg6_enabled = 1
net.ipv6.conf.4-2.seg6_enabled = 1
net.ipv6.conf.4-3.seg6_enabled = 1
net.ipv6.fib_multipath_hash_policy = 1
net.ipv6.conf.all.forwarding = 1
net.ipv6.conf.all.seg6_enabled = 1
net.ipv6.conf.2-0.seg6_enabled = 1
net.ipv6.conf.2-1.seg6_enabled = 1
net.ipv6.conf.2-2.seg6_enabled = 1
net.ipv6.fib_multipath_hash_policy = 1
net.ipv6.conf.all.forwarding = 1
net.ipv6.conf.all.seg6_enabled = 1
net.ipv6.conf.0-0.seg6_enabled = 1
net.ipv6.conf.0-1.seg6_enabled = 1
net.ipv6.fib_multipath_hash_policy = 1
net.ipv6.conf.all.forwarding = 1
net.ipv6.conf.all.seg6_enabled = 1
net.ipv6.conf.1-0.seg6_enabled = 1
net.ipv6.conf.1-1.seg6_enabled = 1
net.ipv6.conf.1-2.seg6_enabled = 1
net.ipv6.fib_multipath_hash_policy = 1
